# JRE version: OpenJDK Runtime Environment Temurin-21.0.9+10 (21.0.9+10) (build 21.0.9+10-LTS)
# Java VM: OpenJDK 64-Bit Server VM Temurin-21.0.9+10 (21.0.9+10-LTS, mixed mode, sharing, tiered, compressed oops, compressed class ptrs, parallel gc, windows-amd64)
GC Precious Log:
 CardTable entry size: 512
 CPUs: 4 total, 4 available
 Memory: 8096M
 Large Page Support: Disabled
 NUMA Support: Disabled
 Compressed Oops: Enabled (32-bit)
 Alignments: Space 512K, Generation 512K, Heap 2M
 Heap Min Capacity: 100M
 Heap Initial Capacity: 100M
 Heap Max Capacity: 2G
 Pre-touch: Disabled
 Parallel Workers: 4
Heap:
 PSYoungGen      total 3584K, used 1112K [0x00000000d5580000, 0x00000000d5c00000, 0x0000000100000000)
  eden space 3072K, 33% used [0x00000000d5580000,0x00000000d567e2a0,0x00000000d5880000)
  from space 512K, 18% used [0x00000000d5b00000,0x00000000d5b18000,0x00000000d5b80000)
  to   space 512K, 0% used [0x00000000d5b80000,0x00000000d5b80000,0x00000000d5c00000)
 ParOldGen       total 251392K, used 251062K [0x0000000080000000, 0x000000008f580000, 0x00000000d5580000)
  object space 251392K, 99% used [0x0000000080000000,0x000000008f52d968,0x000000008f580000)
 Metaspace       used 74930K, committed 76608K, reserved 1179648K
  class space    used 7861K, committed 8576K, reserved 1048576K
GC Heap History (20 events):
Event: 202.482 GC heap before
{Heap before GC invocations=319 (full 3):
 PSYoungGen      total 4096K, used 3476K [0x00000000d5580000, 0x00000000d5c00000, 0x0000000100000000)
  eden space 3072K, 100% used [0x00000000d5580000,0x00000000d5880000,0x00000000d5880000)
  from space 1024K, 39% used [0x00000000d5a80000,0x00000000d5ae5200,0x00000000d5b80000)
  to   space 512K, 0% used [0x00000000d5b80000,0x00000000d5b80000,0x00000000d5c00000)
 ParOldGen       total 250368K, used 249944K [0x0000000080000000, 0x000000008f480000, 0x00000000d5580000)
  object space 250368K, 99% used [0x0000000080000000,0x000000008f416348,0x000000008f480000)
 Metaspace       used 74178K, committed 75904K, reserved 1179648K
  class space    used 7785K, committed 8512K, reserved 1048576K
}
Event: 202.485 GC heap after
{Heap after GC invocations=319 (full 3):
 PSYoungGen      total 3584K, used 244K [0x00000000d5580000, 0x00000000d5c00000, 0x0000000100000000)
  eden space 3072K, 0% used [0x00000000d5580000,0x00000000d5580000,0x00000000d5880000)
  from space 512K, 47% used [0x00000000d5b80000,0x00000000d5bbd200,0x00000000d5c00000)
  to   space 512K, 0% used [0x00000000d5b00000,0x00000000d5b00000,0x00000000d5b80000)
 ParOldGen       total 250368K, used 249952K [0x0000000080000000, 0x000000008f480000, 0x00000000d5580000)
  object space 250368K, 99% used [0x0000000080000000,0x000000008f418348,0x000000008f480000)
 Metaspace       used 74178K, committed 75904K, reserved 1179648K
  class space    used 7785K, committed 8512K, reserved 1048576K
}
Event: 203.181 GC heap before
{Heap before GC invocations=320 (full 3):
 PSYoungGen      total 3584K, used 3292K [0x00000000d5580000, 0x00000000d5c00000, 0x0000000100000000)
  eden space 3072K, 99% used [0x00000000d5580000,0x00000000d587a188,0x00000000d5880000)
  from space 512K, 47% used [0x00000000d5b80000,0x00000000d5bbd200,0x00000000d5c00000)
  to   space 512K, 0% used [0x00000000d5b00000,0x00000000d5b00000,0x00000000d5b80000)
 ParOldGen       total 250368K, used 249952K [0x0000000080000000, 0x000000008f480000, 0x00000000d5580000)
  object space 250368K, 99% used [0x0000000080000000,0x000000008f418348,0x000000008f480000)
 Metaspace       used 74281K, committed 75968K, reserved 1179648K
  class space    used 7793K, committed 8512K, reserved 1048576K
}
Event: 203.186 GC heap after
{Heap after GC invocations=320 (full 3):
 PSYoungGen      total 3584K, used 247K [0x00000000d5580000, 0x00000000d5c00000, 0x0000000100000000)
  eden space 3072K, 0% used [0x00000000d5580000,0x00000000d5580000,0x00000000d5880000)
  from space 512K, 48% used [0x00000000d5b00000,0x00000000d5b3dd58,0x00000000d5b80000)
  to   space 512K, 0% used [0x00000000d5b80000,0x00000000d5b80000,0x00000000d5c00000)
 ParOldGen       total 250368K, used 250072K [0x0000000080000000, 0x000000008f480000, 0x00000000d5580000)
  object space 250368K, 99% used [0x0000000080000000,0x000000008f436348,0x000000008f480000)
 Metaspace       used 74281K, committed 75968K, reserved 1179648K
  class space    used 7793K, committed 8512K, reserved 1048576K
}
Event: 203.313 GC heap before
{Heap before GC invocations=321 (full 3):
 PSYoungGen      total 3584K, used 3319K [0x00000000d5580000, 0x00000000d5c00000, 0x0000000100000000)
  eden space 3072K, 100% used [0x00000000d5580000,0x00000000d5880000,0x00000000d5880000)
  from space 512K, 48% used [0x00000000d5b00000,0x00000000d5b3dd58,0x00000000d5b80000)
  to   space 512K, 0% used [0x00000000d5b80000,0x00000000d5b80000,0x00000000d5c00000)
 ParOldGen       total 250368K, used 250072K [0x0000000080000000, 0x000000008f480000, 0x00000000d5580000)
  object space 250368K, 99% used [0x0000000080000000,0x000000008f436348,0x000000008f480000)
 Metaspace       used 74613K, committed 76352K, reserved 1179648K
  class space    used 7836K, committed 8576K, reserved 1048576K
}
Event: 203.316 GC heap after
{Heap after GC invocations=321 (full 3):
 PSYoungGen      total 3584K, used 192K [0x00000000d5580000, 0x00000000d5c00000, 0x0000000100000000)
  eden space 3072K, 0% used [0x00000000d5580000,0x00000000d5580000,0x00000000d5880000)
  from space 512K, 37% used [0x00000000d5b80000,0x00000000d5bb0000,0x00000000d5c00000)
  to   space 512K, 0% used [0x00000000d5b00000,0x00000000d5b00000,0x00000000d5b80000)
 ParOldGen       total 250368K, used 250197K [0x0000000080000000, 0x000000008f480000, 0x00000000d5580000)
  object space 250368K, 99% used [0x0000000080000000,0x000000008f455558,0x000000008f480000)
 Metaspace       used 74613K, committed 76352K, reserved 1179648K
  class space    used 7836K, committed 8576K, reserved 1048576K
}
Event: 203.363 GC heap before
{Heap before GC invocations=322 (full 3):
 PSYoungGen      total 3584K, used 3264K [0x00000000d5580000, 0x00000000d5c00000, 0x0000000100000000)
  eden space 3072K, 100% used [0x00000000d5580000,0x00000000d5880000,0x00000000d5880000)
  from space 512K, 37% used [0x00000000d5b80000,0x00000000d5bb0000,0x00000000d5c00000)
  to   space 512K, 0% used [0x00000000d5b00000,0x00000000d5b00000,0x00000000d5b80000)
 ParOldGen       total 250368K, used 250197K [0x0000000080000000, 0x000000008f480000, 0x00000000d5580000)
  object space 250368K, 99% used [0x0000000080000000,0x000000008f455558,0x000000008f480000)
 Metaspace       used 74667K, committed 76416K, reserved 1179648K
  class space    used 7842K, committed 8576K, reserved 1048576K
}
Event: 203.367 GC heap after
{Heap after GC invocations=322 (full 3):
 PSYoungGen      total 3584K, used 490K [0x00000000d5580000, 0x00000000d5c00000, 0x0000000100000000)
  eden space 3072K, 0% used [0x00000000d5580000,0x00000000d5580000,0x00000000d5880000)
  from space 512K, 95% used [0x00000000d5b00000,0x00000000d5b7a910,0x00000000d5b80000)
  to   space 512K, 0% used [0x00000000d5b80000,0x00000000d5b80000,0x00000000d5c00000)
 ParOldGen       total 250368K, used 250309K [0x0000000080000000, 0x000000008f480000, 0x00000000d5580000)
  object space 250368K, 99% used [0x0000000080000000,0x000000008f471558,0x000000008f480000)
 Metaspace       used 74667K, committed 76416K, reserved 1179648K
  class space    used 7842K, committed 8576K, reserved 1048576K
}
Event: 204.148 GC heap before
{Heap before GC invocations=323 (full 3):
 PSYoungGen      total 3584K, used 3562K [0x00000000d5580000, 0x00000000d5c00000, 0x0000000100000000)
  eden space 3072K, 99% used [0x00000000d5580000,0x00000000d587fff0,0x00000000d5880000)
  from space 512K, 95% used [0x00000000d5b00000,0x00000000d5b7a910,0x00000000d5b80000)
  to   space 512K, 0% used [0x00000000d5b80000,0x00000000d5b80000,0x00000000d5c00000)
 ParOldGen       total 250368K, used 250309K [0x0000000080000000, 0x000000008f480000, 0x00000000d5580000)
  object space 250368K, 99% used [0x0000000080000000,0x000000008f471558,0x000000008f480000)
 Metaspace       used 74671K, committed 76416K, reserved 1179648K
  class space    used 7842K, committed 8576K, reserved 1048576K
}
Event: 204.150 GC heap after
{Heap after GC invocations=323 (full 3):
 PSYoungGen      total 3584K, used 436K [0x00000000d5580000, 0x00000000d5c00000, 0x0000000100000000)
  eden space 3072K, 0% used [0x00000000d5580000,0x00000000d5580000,0x00000000d5880000)
  from space 512K, 85% used [0x00000000d5b80000,0x00000000d5bed200,0x00000000d5c00000)
  to   space 512K, 0% used [0x00000000d5b00000,0x00000000d5b00000,0x00000000d5b80000)
 ParOldGen       total 250880K, used 250397K [0x0000000080000000, 0x000000008f500000, 0x00000000d5580000)
  object space 250880K, 99% used [0x0000000080000000,0x000000008f487558,0x000000008f500000)
 Metaspace       used 74671K, committed 76416K, reserved 1179648K
  class space    used 7842K, committed 8576K, reserved 1048576K
}
Event: 204.326 GC heap before
{Heap before GC invocations=324 (full 3):
 PSYoungGen      total 3584K, used 3508K [0x00000000d5580000, 0x00000000d5c00000, 0x0000000100000000)
  eden space 3072K, 100% used [0x00000000d5580000,0x00000000d5880000,0x00000000d5880000)
  from space 512K, 85% used [0x00000000d5b80000,0x00000000d5bed200,0x00000000d5c00000)
  to   space 512K, 0% used [0x00000000d5b00000,0x00000000d5b00000,0x00000000d5b80000)
 ParOldGen       total 250880K, used 250397K [0x0000000080000000, 0x000000008f500000, 0x00000000d5580000)
  object space 250880K, 99% used [0x0000000080000000,0x000000008f487558,0x000000008f500000)
 Metaspace       used 74679K, committed 76416K, reserved 1179648K
  class space    used 7844K, committed 8576K, reserved 1048576K
}
Event: 204.330 GC heap after
{Heap after GC invocations=324 (full 3):
 PSYoungGen      total 3584K, used 452K [0x00000000d5580000, 0x00000000d5c00000, 0x0000000100000000)
  eden space 3072K, 0% used [0x00000000d5580000,0x00000000d5580000,0x00000000d5880000)
  from space 512K, 88% used [0x00000000d5b00000,0x00000000d5b71210,0x00000000d5b80000)
  to   space 512K, 0% used [0x00000000d5b80000,0x00000000d5b80000,0x00000000d5c00000)
 ParOldGen       total 250880K, used 250413K [0x0000000080000000, 0x000000008f500000, 0x00000000d5580000)
  object space 250880K, 99% used [0x0000000080000000,0x000000008f48b558,0x000000008f500000)
 Metaspace       used 74679K, committed 76416K, reserved 1179648K
  class space    used 7844K, committed 8576K, reserved 1048576K
}
Event: 206.109 GC heap before
{Heap before GC invocations=325 (full 3):
 PSYoungGen      total 3584K, used 3524K [0x00000000d5580000, 0x00000000d5c00000, 0x0000000100000000)
  eden space 3072K, 100% used [0x00000000d5580000,0x00000000d5880000,0x00000000d5880000)
  from space 512K, 88% used [0x00000000d5b00000,0x00000000d5b71210,0x00000000d5b80000)
  to   space 512K, 0% used [0x00000000d5b80000,0x00000000d5b80000,0x00000000d5c00000)
 ParOldGen       total 250880K, used 250413K [0x0000000080000000, 0x000000008f500000, 0x00000000d5580000)
  object space 250880K, 99% used [0x0000000080000000,0x000000008f48b558,0x000000008f500000)
 Metaspace       used 74692K, committed 76416K, reserved 1179648K
  class space    used 7845K, committed 8576K, reserved 1048576K
}
Event: 206.111 GC heap after
{Heap after GC invocations=325 (full 3):
 PSYoungGen      total 3584K, used 340K [0x00000000d5580000, 0x00000000d5c00000, 0x0000000100000000)
  eden space 3072K, 0% used [0x00000000d5580000,0x00000000d5580000,0x00000000d5880000)
  from space 512K, 66% used [0x00000000d5b80000,0x00000000d5bd5200,0x00000000d5c00000)
  to   space 512K, 0% used [0x00000000d5b00000,0x00000000d5b00000,0x00000000d5b80000)
 ParOldGen       total 250880K, used 250761K [0x0000000080000000, 0x000000008f500000, 0x00000000d5580000)
  object space 250880K, 99% used [0x0000000080000000,0x000000008f4e2768,0x000000008f500000)
 Metaspace       used 74692K, committed 76416K, reserved 1179648K
  class space    used 7845K, committed 8576K, reserved 1048576K
}
Event: 206.132 GC heap before
{Heap before GC invocations=326 (full 3):
 PSYoungGen      total 3584K, used 3412K [0x00000000d5580000, 0x00000000d5c00000, 0x0000000100000000)
  eden space 3072K, 99% used [0x00000000d5580000,0x00000000d587fff8,0x00000000d5880000)
  from space 512K, 66% used [0x00000000d5b80000,0x00000000d5bd5200,0x00000000d5c00000)
  to   space 512K, 0% used [0x00000000d5b00000,0x00000000d5b00000,0x00000000d5b80000)
 ParOldGen       total 250880K, used 250761K [0x0000000080000000, 0x000000008f500000, 0x00000000d5580000)
  object space 250880K, 99% used [0x0000000080000000,0x000000008f4e2768,0x000000008f500000)
 Metaspace       used 74703K, committed 76416K, reserved 1179648K
  class space    used 7845K, committed 8576K, reserved 1048576K
}
Event: 206.137 GC heap after
{Heap after GC invocations=326 (full 3):
 PSYoungGen      total 3584K, used 464K [0x00000000d5580000, 0x00000000d5c00000, 0x0000000100000000)
  eden space 3072K, 0% used [0x00000000d5580000,0x00000000d5580000,0x00000000d5880000)
  from space 512K, 90% used [0x00000000d5b00000,0x00000000d5b74010,0x00000000d5b80000)
  to   space 512K, 0% used [0x00000000d5b80000,0x00000000d5b80000,0x00000000d5c00000)
 ParOldGen       total 251392K, used 251022K [0x0000000080000000, 0x000000008f580000, 0x00000000d5580000)
  object space 251392K, 99% used [0x0000000080000000,0x000000008f523968,0x000000008f580000)
 Metaspace       used 74703K, committed 76416K, reserved 1179648K
  class space    used 7845K, committed 8576K, reserved 1048576K
}
Event: 206.169 GC heap before
{Heap before GC invocations=327 (full 3):
 PSYoungGen      total 3584K, used 3536K [0x00000000d5580000, 0x00000000d5c00000, 0x0000000100000000)
  eden space 3072K, 100% used [0x00000000d5580000,0x00000000d5880000,0x00000000d5880000)
  from space 512K, 90% used [0x00000000d5b00000,0x00000000d5b74010,0x00000000d5b80000)
  to   space 512K, 0% used [0x00000000d5b80000,0x00000000d5b80000,0x00000000d5c00000)
 ParOldGen       total 251392K, used 251022K [0x0000000080000000, 0x000000008f580000, 0x00000000d5580000)
  object space 251392K, 99% used [0x0000000080000000,0x000000008f523968,0x000000008f580000)
 Metaspace       used 74710K, committed 76416K, reserved 1179648K
  class space    used 7845K, committed 8576K, reserved 1048576K
}
Event: 206.171 GC heap after
{Heap after GC invocations=327 (full 3):
 PSYoungGen      total 3584K, used 474K [0x00000000d5580000, 0x00000000d5c00000, 0x0000000100000000)
  eden space 3072K, 0% used [0x00000000d5580000,0x00000000d5580000,0x00000000d5880000)
  from space 512K, 92% used [0x00000000d5b80000,0x00000000d5bf6900,0x00000000d5c00000)
  to   space 512K, 0% used [0x00000000d5b00000,0x00000000d5b00000,0x00000000d5b80000)
 ParOldGen       total 251392K, used 251054K [0x0000000080000000, 0x000000008f580000, 0x00000000d5580000)
  object space 251392K, 99% used [0x0000000080000000,0x000000008f52b968,0x000000008f580000)
 Metaspace       used 74710K, committed 76416K, reserved 1179648K
  class space    used 7845K, committed 8576K, reserved 1048576K
}
Event: 207.413 GC heap before
{Heap before GC invocations=328 (full 3):
 PSYoungGen      total 3584K, used 3541K [0x00000000d5580000, 0x00000000d5c00000, 0x0000000100000000)
  eden space 3072K, 99% used [0x00000000d5580000,0x00000000d587edd8,0x00000000d5880000)
  from space 512K, 92% used [0x00000000d5b80000,0x00000000d5bf6900,0x00000000d5c00000)
  to   space 512K, 0% used [0x00000000d5b00000,0x00000000d5b00000,0x00000000d5b80000)
 ParOldGen       total 251392K, used 251054K [0x0000000080000000, 0x000000008f580000, 0x00000000d5580000)
  object space 251392K, 99% used [0x0000000080000000,0x000000008f52b968,0x000000008f580000)
 Metaspace       used 74831K, committed 76544K, reserved 1179648K
  class space    used 7852K, committed 8576K, reserved 1048576K
}
Event: 207.416 GC heap after
{Heap after GC invocations=328 (full 3):
 PSYoungGen      total 3584K, used 96K [0x00000000d5580000, 0x00000000d5c00000, 0x0000000100000000)
  eden space 3072K, 0% used [0x00000000d5580000,0x00000000d5580000,0x00000000d5880000)
  from space 512K, 18% used [0x00000000d5b00000,0x00000000d5b18000,0x00000000d5b80000)
  to   space 512K, 0% used [0x00000000d5b80000,0x00000000d5b80000,0x00000000d5c00000)
 ParOldGen       total 251392K, used 251062K [0x0000000080000000, 0x000000008f580000, 0x00000000d5580000)
  object space 251392K, 99% used [0x0000000080000000,0x000000008f52d968,0x000000008f580000)
 Metaspace       used 74831K, committed 76544K, reserved 1179648K
  class space    used 7852K, committed 8576K, reserved 1048576K
}

